INFO:     Will watch for changes in these directories: ['/home/nilabh/Projects/Tantuka/backend']
INFO:     Uvicorn running on http://0.0.0.0:8000 (Press CTRL+C to quit)
INFO:     Started reloader process [46116] using StatReload
/home/nilabh/Projects/Tantuka/.venv/lib/python3.12/site-packages/pydantic/_internal/_config.py:383: UserWarning: Valid config keys have changed in V2:
* 'orm_mode' has been renamed to 'from_attributes'
  warnings.warn(message, UserWarning)
/home/nilabh/Projects/Tantuka/.venv/lib/python3.12/site-packages/pydantic/_internal/_config.py:383: UserWarning: Valid config keys have changed in V2:
* 'orm_mode' has been renamed to 'from_attributes'
  warnings.warn(message, UserWarning)
INFO:     Started server process [46192]
INFO:     Waiting for application startup.
INFO:     Application startup complete.
INFO:     127.0.0.1:40440 - "POST /api/v1/auth/login HTTP/1.1" 200 OK
INFO:     127.0.0.1:56176 - "POST /api/v1/auth/login HTTP/1.1" 200 OK
INFO:     127.0.0.1:56178 - "GET /api/v1/admin/dashboard HTTP/1.1" 500 Internal Server Error
ERROR:    Exception in ASGI application
Traceback (most recent call last):
  File "/home/nilabh/Projects/Tantuka/.venv/lib/python3.12/site-packages/uvicorn/protocols/http/h11_impl.py", line 403, in run_asgi
    result = await app(  # type: ignore[func-returns-value]
             ^^^^^^^^^^^^^^^^^^^^^^^^^^^^^^^^^^^^^^^^^^^^^^
  File "/home/nilabh/Projects/Tantuka/.venv/lib/python3.12/site-packages/uvicorn/middleware/proxy_headers.py", line 60, in __call__
    return await self.app(scope, receive, send)
           ^^^^^^^^^^^^^^^^^^^^^^^^^^^^^^^^^^^^
  File "/home/nilabh/Projects/Tantuka/.venv/lib/python3.12/site-packages/fastapi/applications.py", line 1133, in __call__
    await super().__call__(scope, receive, send)
  File "/home/nilabh/Projects/Tantuka/.venv/lib/python3.12/site-packages/starlette/applications.py", line 113, in __call__
    await self.middleware_stack(scope, receive, send)
  File "/home/nilabh/Projects/Tantuka/.venv/lib/python3.12/site-packages/starlette/middleware/errors.py", line 186, in __call__
    raise exc
  File "/home/nilabh/Projects/Tantuka/.venv/lib/python3.12/site-packages/starlette/middleware/errors.py", line 164, in __call__
    await self.app(scope, receive, _send)
  File "/home/nilabh/Projects/Tantuka/.venv/lib/python3.12/site-packages/starlette/middleware/cors.py", line 85, in __call__
    await self.app(scope, receive, send)
  File "/home/nilabh/Projects/Tantuka/.venv/lib/python3.12/site-packages/starlette/middleware/exceptions.py", line 63, in __call__
    await wrap_app_handling_exceptions(self.app, conn)(scope, receive, send)
  File "/home/nilabh/Projects/Tantuka/.venv/lib/python3.12/site-packages/starlette/_exception_handler.py", line 53, in wrapped_app
    raise exc
  File "/home/nilabh/Projects/Tantuka/.venv/lib/python3.12/site-packages/starlette/_exception_handler.py", line 42, in wrapped_app
    await app(scope, receive, sender)
  File "/home/nilabh/Projects/Tantuka/.venv/lib/python3.12/site-packages/fastapi/middleware/asyncexitstack.py", line 18, in __call__
    await self.app(scope, receive, send)
  File "/home/nilabh/Projects/Tantuka/.venv/lib/python3.12/site-packages/starlette/routing.py", line 716, in __call__
    await self.middleware_stack(scope, receive, send)
  File "/home/nilabh/Projects/Tantuka/.venv/lib/python3.12/site-packages/starlette/routing.py", line 736, in app
    await route.handle(scope, receive, send)
  File "/home/nilabh/Projects/Tantuka/.venv/lib/python3.12/site-packages/starlette/routing.py", line 290, in handle
    await self.app(scope, receive, send)
  File "/home/nilabh/Projects/Tantuka/.venv/lib/python3.12/site-packages/fastapi/routing.py", line 123, in app
    await wrap_app_handling_exceptions(app, request)(scope, receive, send)
  File "/home/nilabh/Projects/Tantuka/.venv/lib/python3.12/site-packages/starlette/_exception_handler.py", line 53, in wrapped_app
    raise exc
  File "/home/nilabh/Projects/Tantuka/.venv/lib/python3.12/site-packages/starlette/_exception_handler.py", line 42, in wrapped_app
    await app(scope, receive, sender)
  File "/home/nilabh/Projects/Tantuka/.venv/lib/python3.12/site-packages/fastapi/routing.py", line 109, in app
    response = await f(request)
               ^^^^^^^^^^^^^^^^
  File "/home/nilabh/Projects/Tantuka/.venv/lib/python3.12/site-packages/fastapi/routing.py", line 411, in app
    content = await serialize_response(
              ^^^^^^^^^^^^^^^^^^^^^^^^^
  File "/home/nilabh/Projects/Tantuka/.venv/lib/python3.12/site-packages/fastapi/routing.py", line 257, in serialize_response
    return field.serialize(
           ^^^^^^^^^^^^^^^^
  File "/home/nilabh/Projects/Tantuka/.venv/lib/python3.12/site-packages/fastapi/_compat/v2.py", line 137, in serialize
    return self._type_adapter.dump_python(
           ^^^^^^^^^^^^^^^^^^^^^^^^^^^^^^^
  File "/home/nilabh/Projects/Tantuka/.venv/lib/python3.12/site-packages/pydantic/type_adapter.py", line 605, in dump_python
    return self.serializer.to_python(
           ^^^^^^^^^^^^^^^^^^^^^^^^^^
pydantic_core._pydantic_core.PydanticSerializationError: Unable to serialize unknown type: <class 'app.models.user.User'>
WARNING:  StatReload detected changes in 'app/api/endpoints/admin.py'. Reloading...
INFO:     Shutting down
INFO:     Waiting for application shutdown.
INFO:     Application shutdown complete.
INFO:     Finished server process [46192]
/home/nilabh/Projects/Tantuka/.venv/lib/python3.12/site-packages/pydantic/_internal/_config.py:383: UserWarning: Valid config keys have changed in V2:
* 'orm_mode' has been renamed to 'from_attributes'
  warnings.warn(message, UserWarning)
/home/nilabh/Projects/Tantuka/.venv/lib/python3.12/site-packages/pydantic/_internal/_config.py:383: UserWarning: Valid config keys have changed in V2:
* 'orm_mode' has been renamed to 'from_attributes'
  warnings.warn(message, UserWarning)
INFO:     Started server process [47296]
INFO:     Waiting for application startup.
INFO:     Application startup complete.
INFO:     Shutting down
INFO:     Waiting for application shutdown.
INFO:     Application shutdown complete.
INFO:     Finished server process [47296]
INFO:     Stopping reloader process [46116]
INFO:     Will watch for changes in these directories: ['/home/nilabh/Projects/Tantuka/backend']
INFO:     Uvicorn running on http://0.0.0.0:8000 (Press CTRL+C to quit)
INFO:     Started reloader process [47939] using StatReload
/home/nilabh/Projects/Tantuka/.venv/lib/python3.12/site-packages/pydantic/_internal/_config.py:383: UserWarning: Valid config keys have changed in V2:
* 'orm_mode' has been renamed to 'from_attributes'
  warnings.warn(message, UserWarning)
/home/nilabh/Projects/Tantuka/.venv/lib/python3.12/site-packages/pydantic/_internal/_config.py:383: UserWarning: Valid config keys have changed in V2:
* 'orm_mode' has been renamed to 'from_attributes'
  warnings.warn(message, UserWarning)
INFO:     Started server process [48015]
INFO:     Waiting for application startup.
INFO:     Application startup complete.
INFO:     127.0.0.1:59304 - "POST /api/v1/auth/login HTTP/1.1" 200 OK
INFO:     127.0.0.1:59320 - "GET /api/v1/admin/dashboard HTTP/1.1" 200 OK
INFO:     127.0.0.1:60180 - "POST /api/v1/auth/login HTTP/1.1" 200 OK
INFO:     127.0.0.1:60190 - "GET /api/v1/admin-ui/ HTTP/1.1" 200 OK
WARNING:  StatReload detected changes in 'app/main.py'. Reloading...
INFO:     Shutting down
INFO:     Waiting for application shutdown.
INFO:     Application shutdown complete.
INFO:     Finished server process [48015]
/home/nilabh/Projects/Tantuka/.venv/lib/python3.12/site-packages/pydantic/_internal/_config.py:383: UserWarning: Valid config keys have changed in V2:
* 'orm_mode' has been renamed to 'from_attributes'
  warnings.warn(message, UserWarning)
/home/nilabh/Projects/Tantuka/.venv/lib/python3.12/site-packages/pydantic/_internal/_config.py:383: UserWarning: Valid config keys have changed in V2:
* 'orm_mode' has been renamed to 'from_attributes'
  warnings.warn(message, UserWarning)
INFO:     Started server process [49060]
INFO:     Waiting for application startup.
INFO:     Application startup complete.
WARNING:  StatReload detected changes in 'app/api/__init__.py'. Reloading...
INFO:     Shutting down
INFO:     Waiting for application shutdown.
INFO:     Application shutdown complete.
INFO:     Finished server process [49060]
/home/nilabh/Projects/Tantuka/.venv/lib/python3.12/site-packages/pydantic/_internal/_config.py:383: UserWarning: Valid config keys have changed in V2:
* 'orm_mode' has been renamed to 'from_attributes'
  warnings.warn(message, UserWarning)
/home/nilabh/Projects/Tantuka/.venv/lib/python3.12/site-packages/pydantic/_internal/_config.py:383: UserWarning: Valid config keys have changed in V2:
* 'orm_mode' has been renamed to 'from_attributes'
  warnings.warn(message, UserWarning)
INFO:     Started server process [49092]
INFO:     Waiting for application startup.
INFO:     Application startup complete.
WARNING:  StatReload detected changes in 'app/main.py'. Reloading...
INFO:     Shutting down
INFO:     Waiting for application shutdown.
INFO:     Application shutdown complete.
INFO:     Finished server process [49092]
/home/nilabh/Projects/Tantuka/.venv/lib/python3.12/site-packages/pydantic/_internal/_config.py:383: UserWarning: Valid config keys have changed in V2:
* 'orm_mode' has been renamed to 'from_attributes'
  warnings.warn(message, UserWarning)
/home/nilabh/Projects/Tantuka/.venv/lib/python3.12/site-packages/pydantic/_internal/_config.py:383: UserWarning: Valid config keys have changed in V2:
* 'orm_mode' has been renamed to 'from_attributes'
  warnings.warn(message, UserWarning)
INFO:     Started server process [49102]
INFO:     Waiting for application startup.
INFO:     Application startup complete.
INFO:     Shutting down
INFO:     Waiting for application shutdown.
INFO:     Application shutdown complete.
INFO:     Finished server process [49102]
INFO:     Stopping reloader process [47939]
INFO:     Will watch for changes in these directories: ['/home/nilabh/Projects/Tantuka/backend']
INFO:     Uvicorn running on http://0.0.0.0:8000 (Press CTRL+C to quit)
INFO:     Started reloader process [49498] using StatReload
/home/nilabh/Projects/Tantuka/.venv/lib/python3.12/site-packages/pydantic/_internal/_config.py:383: UserWarning: Valid config keys have changed in V2:
* 'orm_mode' has been renamed to 'from_attributes'
  warnings.warn(message, UserWarning)
/home/nilabh/Projects/Tantuka/.venv/lib/python3.12/site-packages/pydantic/_internal/_config.py:383: UserWarning: Valid config keys have changed in V2:
* 'orm_mode' has been renamed to 'from_attributes'
  warnings.warn(message, UserWarning)
INFO:     Started server process [49574]
INFO:     Waiting for application startup.
INFO:     Application startup complete.
INFO:     127.0.0.1:38272 - "POST /api/v1/auth/login HTTP/1.1" 200 OK
INFO:     127.0.0.1:38274 - "GET /api/v1/admin-dashboard/summary HTTP/1.1" 200 OK
INFO:     127.0.0.1:38286 - "GET /admin?id=c8867b3d-0c1f-487b-8b99-c1e2516027c6&vscodeBrowserReqId=1761221881878 HTTP/1.1" 307 Temporary Redirect
INFO:     127.0.0.1:38286 - "GET /docs HTTP/1.1" 200 OK
/home/nilabh/Projects/Tantuka/.venv/lib/python3.12/site-packages/pydantic/_internal/_config.py:383: UserWarning: Valid config keys have changed in V2:
* 'orm_mode' has been renamed to 'from_attributes'
  warnings.warn(message, UserWarning)
INFO:     127.0.0.1:38286 - "GET /openapi.json HTTP/1.1" 200 OK
INFO:     127.0.0.1:42580 - "GET /admin HTTP/1.1" 307 Temporary Redirect
INFO:     127.0.0.1:42580 - "GET /docs HTTP/1.1" 200 OK
INFO:     127.0.0.1:42580 - "GET /openapi.json HTTP/1.1" 200 OK
INFO:     127.0.0.1:39374 - "GET /api/v1/admin-dashboard/charts?id=c8867b3d-0c1f-487b-8b99-c1e2516027c6&vscodeBrowserReqId=1761221907745 HTTP/1.1" 401 Unauthorized
INFO:     127.0.0.1:60428 - "GET /api/v1/admin-dashboard/charts HTTP/1.1" 401 Unauthorized
INFO:     127.0.0.1:60442 - "GET /favicon.ico HTTP/1.1" 404 Not Found
INFO:     127.0.0.1:49594 - "GET /admin HTTP/1.1" 307 Temporary Redirect
INFO:     127.0.0.1:49594 - "GET /docs HTTP/1.1" 200 OK
INFO:     127.0.0.1:49594 - "GET /openapi.json HTTP/1.1" 200 OK
INFO:     127.0.0.1:56008 - "POST /api/v1/auth/login HTTP/1.1" 200 OK
INFO:     127.0.0.1:54440 - "GET /docs HTTP/1.1" 200 OK
INFO:     127.0.0.1:54440 - "GET /openapi.json HTTP/1.1" 200 OK
INFO:     127.0.0.1:53000 - "GET /api/v1/admin-dashboard/charts HTTP/1.1" 401 Unauthorized
INFO:     127.0.0.1:53006 - "GET /favicon.ico HTTP/1.1" 404 Not Found
INFO:     127.0.0.1:53000 - "GET /favicon.ico HTTP/1.1" 404 Not Found
INFO:     127.0.0.1:33740 - "GET /api/v1/admin-dashboard/charts HTTP/1.1" 200 OK
INFO:     127.0.0.1:46360 - "GET /admin HTTP/1.1" 307 Temporary Redirect
INFO:     127.0.0.1:46360 - "GET /docs HTTP/1.1" 200 OK
INFO:     127.0.0.1:46360 - "GET /openapi.json HTTP/1.1" 200 OK
WARNING:  StatReload detected changes in 'app/main.py'. Reloading...
INFO:     Shutting down
INFO:     Waiting for application shutdown.
INFO:     Application shutdown complete.
INFO:     Finished server process [49574]
/home/nilabh/Projects/Tantuka/.venv/lib/python3.12/site-packages/pydantic/_internal/_config.py:383: UserWarning: Valid config keys have changed in V2:
* 'orm_mode' has been renamed to 'from_attributes'
  warnings.warn(message, UserWarning)
/home/nilabh/Projects/Tantuka/.venv/lib/python3.12/site-packages/pydantic/_internal/_config.py:383: UserWarning: Valid config keys have changed in V2:
* 'orm_mode' has been renamed to 'from_attributes'
  warnings.warn(message, UserWarning)
INFO:     Started server process [54758]
INFO:     Waiting for application startup.
INFO:     Application startup complete.
